<?xml version="1.0" encoding="UTF-8"?>
<testsuite name="com.bridgelabz.genericsmaximumtest.GenericsMaximumTest" tests="6" skipped="0" failures="0" errors="0" timestamp="2021-03-24T14:02:25" hostname="DESKTOP-2DC5FKU" time="0.031">
  <properties/>
  <testcase name="givenFloat_whenSecondNumberIsMax_ReturnSame()" classname="com.bridgelabz.genericsmaximumtest.GenericsMaximumTest" time="0.019"/>
  <testcase name="givenFloat_whenFirstNumberIsMax_ReturnSame()" classname="com.bridgelabz.genericsmaximumtest.GenericsMaximumTest" time="0.001"/>
  <testcase name="givenIntegers_whenThirdNumberIsMax_ReturnSame()" classname="com.bridgelabz.genericsmaximumtest.GenericsMaximumTest" time="0.002"/>
  <testcase name="givenIntegers_whenFirstNumberIsMax_ReturnSame()" classname="com.bridgelabz.genericsmaximumtest.GenericsMaximumTest" time="0.001"/>
  <testcase name="givenIntegers_whenSecondNumberIsMax_ReturnSame()" classname="com.bridgelabz.genericsmaximumtest.GenericsMaximumTest" time="0.001"/>
  <testcase name="givenIntegers_whenThirdIntegerIsMax_ReturnSame()" classname="com.bridgelabz.genericsmaximumtest.GenericsMaximumTest" time="0.001"/>
  <system-out><![CDATA[]]></system-out>
  <system-err><![CDATA[]]></system-err>
</testsuite>
